[debug] [2021-02-21T18:12:08.453Z] ----------------------------------------------------------------------
[debug] [2021-02-21T18:12:08.456Z] Command:       /Users/rayfunahashi/.nvm/versions/node/v14.9.0/bin/node /Users/rayfunahashi/.nvm/versions/node/v14.9.0/bin/firebase emulators:start
[debug] [2021-02-21T18:12:08.456Z] CLI Version:   9.2.0
[debug] [2021-02-21T18:12:08.457Z] Platform:      darwin
[debug] [2021-02-21T18:12:08.457Z] Node Version:  v14.9.0
[debug] [2021-02-21T18:12:08.458Z] Time:          Sun Feb 21 2021 13:12:08 GMT-0500 (Eastern Standard Time)
[debug] [2021-02-21T18:12:08.459Z] ----------------------------------------------------------------------
[debug] [2021-02-21T18:12:08.459Z] 
[debug] [2021-02-21T18:12:08.470Z] > command requires scopes: ["email","openid","https://www.googleapis.com/auth/cloudplatformprojects.readonly","https://www.googleapis.com/auth/firebase","https://www.googleapis.com/auth/cloud-platform"]
[debug] [2021-02-21T18:12:08.471Z] > authorizing via signed-in user
[info] i  emulators: Starting emulators: functions, hosting {"metadata":{"emulator":{"name":"hub"},"message":"Starting emulators: functions, hosting"}}
[debug] [2021-02-21T18:12:08.551Z] [hub] writing locator at /var/folders/t6/lpws0ps55n71r5w2hzjgcr740000gn/T/hub-challenge-63392.json
[warn] ⚠  functions: The following emulators are not running, calls to these services from the Functions emulator will affect production: auth, firestore, database, pubsub {"metadata":{"emulator":{"name":"functions"},"message":"The following emulators are not running, calls to these services from the Functions emulator will affect production: \u001b[1mauth, firestore, database, pubsub\u001b[22m"}}
[warn] ⚠  Your requested "node" version "12" doesn't match your global version "14" {"metadata":{"emulator":{"name":"functions"},"message":"Your requested \"node\" version \"12\" doesn't match your global version \"14\""}}
[debug] [2021-02-21T18:12:08.653Z] defaultcredentials: writing to file /Users/rayfunahashi/.config/firebase/rayfunahashi_gmail_com_application_default_credentials.json
[debug] [2021-02-21T18:12:08.674Z] Setting GAC to /Users/rayfunahashi/.config/firebase/rayfunahashi_gmail_com_application_default_credentials.json {"metadata":{"emulator":{"name":"functions"},"message":"Setting GAC to /Users/rayfunahashi/.config/firebase/rayfunahashi_gmail_com_application_default_credentials.json"}}
[debug] [2021-02-21T18:12:08.677Z] >>> [apiv2][query] GET https://firebase.googleapis.com/v1beta1/projects/challenge-63392/adminSdkConfig [none]
[debug] [2021-02-21T18:12:09.959Z] <<< [apiv2][status] GET https://firebase.googleapis.com/v1beta1/projects/challenge-63392/adminSdkConfig 200
[debug] [2021-02-21T18:12:09.959Z] <<< [apiv2][body] GET https://firebase.googleapis.com/v1beta1/projects/challenge-63392/adminSdkConfig {"projectId":"challenge-63392","storageBucket":"challenge-63392.appspot.com"}
[debug] [2021-02-21T18:12:09.995Z] >>> [apiv2][query] GET https://firebase.googleapis.com/v1beta1/projects/challenge-63392/webApps/-/config [none]
[debug] [2021-02-21T18:12:10.565Z] <<< [apiv2][status] GET https://firebase.googleapis.com/v1beta1/projects/challenge-63392/webApps/-/config 200
[debug] [2021-02-21T18:12:10.565Z] <<< [apiv2][body] GET https://firebase.googleapis.com/v1beta1/projects/challenge-63392/webApps/-/config {"projectId":"challenge-63392","appId":"1:670371574231:web:457528f6e0b8c1a32c9b92","storageBucket":"challenge-63392.appspot.com","apiKey":"AIzaSyAXTbZkOkgVCqFrkBN0dAzUqk-PK9xqc1U","authDomain":"challenge-63392.firebaseapp.com","messagingSenderId":"670371574231"}
[info] i  hosting: Serving hosting files from: build {"metadata":{"emulator":{"name":"hosting"},"message":"Serving hosting files from: \u001b[1mbuild\u001b[22m"}}
[info] ✔  hosting: Local server: http://localhost:5000 {"metadata":{"emulator":{"name":"hosting"},"message":"Local server: \u001b[4m\u001b[1mhttp://localhost:5000\u001b[22m\u001b[24m"}}
[debug] [2021-02-21T18:12:10.755Z] Ignoring unsupported arg: auto_download {"metadata":{"emulator":{"name":"ui"},"message":"Ignoring unsupported arg: auto_download"}}
[debug] [2021-02-21T18:12:10.756Z] Ignoring unsupported arg: port {"metadata":{"emulator":{"name":"ui"},"message":"Ignoring unsupported arg: port"}}
[debug] [2021-02-21T18:12:10.756Z] Starting Emulator UI with command {"binary":"node","args":["/Users/rayfunahashi/.cache/firebase/emulators/ui-v1.4.1/server.bundle.js"],"optionalArgs":[],"joinArgs":false} {"metadata":{"emulator":{"name":"ui"},"message":"Starting Emulator UI with command {\"binary\":\"node\",\"args\":[\"/Users/rayfunahashi/.cache/firebase/emulators/ui-v1.4.1/server.bundle.js\"],\"optionalArgs\":[],\"joinArgs\":false}"}}
[info] i  ui: Emulator UI logging to ui-debug.log {"metadata":{"emulator":{"name":"ui"},"message":"Emulator UI logging to \u001b[1mui-debug.log\u001b[22m"}}
[debug] [2021-02-21T18:12:10.912Z] Web / API server started at http://localhost:4000
 {"metadata":{"emulator":{"name":"ui"},"message":"Web / API server started at http://localhost:4000\n"}}
[info] i  functions: Watching "/Users/rayfunahashi/Desktop/00 WORK IN PROGRESS/AmazonClone/amazon-challenge/functions" for Cloud Functions... {"metadata":{"emulator":{"name":"functions"},"message":"Watching \"/Users/rayfunahashi/Desktop/00 WORK IN PROGRESS/AmazonClone/amazon-challenge/functions\" for Cloud Functions..."}}
[debug] [2021-02-21T18:12:11.083Z] [worker-pool] addWorker(~diagnostic~) {"metadata":{"emulator":{"name":"functions"},"message":"[worker-pool] addWorker(~diagnostic~)"}}
[debug] [2021-02-21T18:12:11.084Z] [worker-pool] Adding worker with key ~diagnostic~, total=1 {"metadata":{"emulator":{"name":"functions"},"message":"[worker-pool] Adding worker with key ~diagnostic~, total=1"}}
[debug] [2021-02-21T18:12:11.084Z] [worker-pool] submitWork(triggerId=) {"metadata":{"emulator":{"name":"functions"},"message":"[worker-pool] submitWork(triggerId=)"}}
[debug] [2021-02-21T18:12:11.084Z] [worker-~diagnostic~-49e4d747-221d-451e-a231-85267c1ec793]: Assigning socketPath: /var/folders/t6/lpws0ps55n71r5w2hzjgcr740000gn/T/fire_emu_32491.sock {"metadata":{"emulator":{"name":"functions"},"message":"[worker-~diagnostic~-49e4d747-221d-451e-a231-85267c1ec793]: Assigning socketPath: /var/folders/t6/lpws0ps55n71r5w2hzjgcr740000gn/T/fire_emu_32491.sock"}}
[debug] [2021-02-21T18:12:11.085Z] [worker-~diagnostic~-49e4d747-221d-451e-a231-85267c1ec793]: BUSY {"metadata":{"emulator":{"name":"functions"},"message":"[worker-~diagnostic~-49e4d747-221d-451e-a231-85267c1ec793]: BUSY"}}
[debug] [2021-02-21T18:12:11.520Z] [runtime-status] [32491] Functions runtime initialized. {"cwd":"/Users/rayfunahashi/Desktop/00 WORK IN PROGRESS/AmazonClone/amazon-challenge/functions","node_version":"14.9.0"} {"metadata":{"emulator":{"name":"functions"},"message":"[runtime-status] [32491] Functions runtime initialized. {\"cwd\":\"/Users/rayfunahashi/Desktop/00 WORK IN PROGRESS/AmazonClone/amazon-challenge/functions\",\"node_version\":\"14.9.0\"}"}}
[debug] [2021-02-21T18:12:11.521Z] [runtime-status] [32491] Disabled runtime features: undefined {"metadata":{"emulator":{"name":"functions"},"message":"[runtime-status] [32491] Disabled runtime features: undefined"}}
[debug] [2021-02-21T18:12:11.528Z] [runtime-status] [32491] Resolved module firebase-admin {"declared":true,"installed":true,"version":"9.5.0","resolution":"/Users/rayfunahashi/Desktop/00 WORK IN PROGRESS/AmazonClone/amazon-challenge/functions/node_modules/firebase-admin/lib/index.js"} {"metadata":{"emulator":{"name":"functions"},"message":"[runtime-status] [32491] Resolved module firebase-admin {\"declared\":true,\"installed\":true,\"version\":\"9.5.0\",\"resolution\":\"/Users/rayfunahashi/Desktop/00 WORK IN PROGRESS/AmazonClone/amazon-challenge/functions/node_modules/firebase-admin/lib/index.js\"}"}}
[debug] [2021-02-21T18:12:11.531Z] [runtime-status] [32491] Resolved module firebase-functions {"declared":true,"installed":true,"version":"3.13.1","resolution":"/Users/rayfunahashi/Desktop/00 WORK IN PROGRESS/AmazonClone/amazon-challenge/functions/node_modules/firebase-functions/lib/index.js"} {"metadata":{"emulator":{"name":"functions"},"message":"[runtime-status] [32491] Resolved module firebase-functions {\"declared\":true,\"installed\":true,\"version\":\"3.13.1\",\"resolution\":\"/Users/rayfunahashi/Desktop/00 WORK IN PROGRESS/AmazonClone/amazon-challenge/functions/node_modules/firebase-functions/lib/index.js\"}"}}
[debug] [2021-02-21T18:12:11.534Z] [runtime-status] [32491] Resolved module firebase-functions {"declared":true,"installed":true,"version":"3.13.1","resolution":"/Users/rayfunahashi/Desktop/00 WORK IN PROGRESS/AmazonClone/amazon-challenge/functions/node_modules/firebase-functions/lib/index.js"} {"metadata":{"emulator":{"name":"functions"},"message":"[runtime-status] [32491] Resolved module firebase-functions {\"declared\":true,\"installed\":true,\"version\":\"3.13.1\",\"resolution\":\"/Users/rayfunahashi/Desktop/00 WORK IN PROGRESS/AmazonClone/amazon-challenge/functions/node_modules/firebase-functions/lib/index.js\"}"}}
[debug] [2021-02-21T18:12:11.536Z] [runtime-status] [32491] Outgoing network have been stubbed. [{"name":"http","status":"mocked"},{"name":"http","status":"mocked"},{"name":"https","status":"mocked"},{"name":"https","status":"mocked"},{"name":"net","status":"mocked"}] {"metadata":{"emulator":{"name":"functions"},"message":"[runtime-status] [32491] Outgoing network have been stubbed. [{\"name\":\"http\",\"status\":\"mocked\"},{\"name\":\"http\",\"status\":\"mocked\"},{\"name\":\"https\",\"status\":\"mocked\"},{\"name\":\"https\",\"status\":\"mocked\"},{\"name\":\"net\",\"status\":\"mocked\"}]"}}
[debug] [2021-02-21T18:12:11.537Z] [runtime-status] [32491] Resolved module firebase-functions {"declared":true,"installed":true,"version":"3.13.1","resolution":"/Users/rayfunahashi/Desktop/00 WORK IN PROGRESS/AmazonClone/amazon-challenge/functions/node_modules/firebase-functions/lib/index.js"} {"metadata":{"emulator":{"name":"functions"},"message":"[runtime-status] [32491] Resolved module firebase-functions {\"declared\":true,\"installed\":true,\"version\":\"3.13.1\",\"resolution\":\"/Users/rayfunahashi/Desktop/00 WORK IN PROGRESS/AmazonClone/amazon-challenge/functions/node_modules/firebase-functions/lib/index.js\"}"}}
[debug] [2021-02-21T18:12:11.998Z] [runtime-status] [32491] Checked functions.config() {"config":{}} {"metadata":{"emulator":{"name":"functions"},"message":"[runtime-status] [32491] Checked functions.config() {\"config\":{}}"}}
[debug] [2021-02-21T18:12:11.999Z] [runtime-status] [32491] firebase-functions has been stubbed. {"functionsResolution":{"declared":true,"installed":true,"version":"3.13.1","resolution":"/Users/rayfunahashi/Desktop/00 WORK IN PROGRESS/AmazonClone/amazon-challenge/functions/node_modules/firebase-functions/lib/index.js"}} {"metadata":{"emulator":{"name":"functions"},"message":"[runtime-status] [32491] firebase-functions has been stubbed. {\"functionsResolution\":{\"declared\":true,\"installed\":true,\"version\":\"3.13.1\",\"resolution\":\"/Users/rayfunahashi/Desktop/00 WORK IN PROGRESS/AmazonClone/amazon-challenge/functions/node_modules/firebase-functions/lib/index.js\"}}"}}
[debug] [2021-02-21T18:12:11.999Z] [runtime-status] [32491] Resolved module firebase-functions {"declared":true,"installed":true,"version":"3.13.1","resolution":"/Users/rayfunahashi/Desktop/00 WORK IN PROGRESS/AmazonClone/amazon-challenge/functions/node_modules/firebase-functions/lib/index.js"} {"metadata":{"emulator":{"name":"functions"},"message":"[runtime-status] [32491] Resolved module firebase-functions {\"declared\":true,\"installed\":true,\"version\":\"3.13.1\",\"resolution\":\"/Users/rayfunahashi/Desktop/00 WORK IN PROGRESS/AmazonClone/amazon-challenge/functions/node_modules/firebase-functions/lib/index.js\"}"}}
[debug] [2021-02-21T18:12:12.001Z] [runtime-status] [32491] Resolved module firebase-admin {"declared":true,"installed":true,"version":"9.5.0","resolution":"/Users/rayfunahashi/Desktop/00 WORK IN PROGRESS/AmazonClone/amazon-challenge/functions/node_modules/firebase-admin/lib/index.js"} {"metadata":{"emulator":{"name":"functions"},"message":"[runtime-status] [32491] Resolved module firebase-admin {\"declared\":true,\"installed\":true,\"version\":\"9.5.0\",\"resolution\":\"/Users/rayfunahashi/Desktop/00 WORK IN PROGRESS/AmazonClone/amazon-challenge/functions/node_modules/firebase-admin/lib/index.js\"}"}}
[debug] [2021-02-21T18:12:12.002Z] [runtime-status] [32491] Resolved module firebase-functions {"declared":true,"installed":true,"version":"3.13.1","resolution":"/Users/rayfunahashi/Desktop/00 WORK IN PROGRESS/AmazonClone/amazon-challenge/functions/node_modules/firebase-functions/lib/index.js"} {"metadata":{"emulator":{"name":"functions"},"message":"[runtime-status] [32491] Resolved module firebase-functions {\"declared\":true,\"installed\":true,\"version\":\"3.13.1\",\"resolution\":\"/Users/rayfunahashi/Desktop/00 WORK IN PROGRESS/AmazonClone/amazon-challenge/functions/node_modules/firebase-functions/lib/index.js\"}"}}
[debug] [2021-02-21T18:12:12.002Z] [runtime-status] [32491] firebase-admin has been stubbed. {"adminResolution":{"declared":true,"installed":true,"version":"9.5.0","resolution":"/Users/rayfunahashi/Desktop/00 WORK IN PROGRESS/AmazonClone/amazon-challenge/functions/node_modules/firebase-admin/lib/index.js"}} {"metadata":{"emulator":{"name":"functions"},"message":"[runtime-status] [32491] firebase-admin has been stubbed. {\"adminResolution\":{\"declared\":true,\"installed\":true,\"version\":\"9.5.0\",\"resolution\":\"/Users/rayfunahashi/Desktop/00 WORK IN PROGRESS/AmazonClone/amazon-challenge/functions/node_modules/firebase-admin/lib/index.js\"}}"}}
[info] ✔  functions[api]: http function initialized (http://localhost:5001/challenge-63392/us-central1/api). {"metadata":{"emulator":{"name":"functions"},"message":"\u001b[1mhttp\u001b[22m function initialized (http://localhost:5001/challenge-63392/us-central1/api)."}}
[info] 
┌─────────────────────────────────────────────────────────────┐
│ ✔  All emulators ready! It is now safe to connect your app. │
│ i  View Emulator UI at http://localhost:4000                │
└─────────────────────────────────────────────────────────────┘

┌───────────┬────────────────┬─────────────────────────────────┐
│ Emulator  │ Host:Port      │ View in Emulator UI             │
├───────────┼────────────────┼─────────────────────────────────┤
│ Functions │ localhost:5001 │ http://localhost:4000/functions │
├───────────┼────────────────┼─────────────────────────────────┤
│ Hosting   │ localhost:5000 │ n/a                             │
└───────────┴────────────────┴─────────────────────────────────┘
  Emulator Hub running at localhost:4400
  Other reserved ports: 4500

Issues? Report them at https://github.com/firebase/firebase-tools/issues and attach the *-debug.log files.
 
[debug] [2021-02-21T18:12:13.065Z] [worker-~diagnostic~-49e4d747-221d-451e-a231-85267c1ec793]: IDLE {"metadata":{"emulator":{"name":"functions"},"message":"[worker-~diagnostic~-49e4d747-221d-451e-a231-85267c1ec793]: IDLE"}}
